2026-02-21 23:34:29,597 | INFO | Process started
2026-02-21 23:34:29,598 | INFO | Downloading: https://drive.google.com/file/d/1MYk9WK_0K_out54YaNUl41p2nzL24Ta8/view
2026-02-21 23:34:33,764 | INFO | Downloaded to: dataset\archives\archive
2026-02-21 23:34:33,772 | INFO | SHA256: 65b4f0fc5a0f0e102f5cfa20911e175499c776c5089a1c3fcc06c6487e268fe0
2026-02-21 23:34:33,776 | INFO | Archive type: zip
2026-02-21 23:34:33,830 | INFO | Extraction finished
2026-02-21 23:34:33,830 | INFO | Cleanup: removed 0 files
2026-02-21 23:34:33,831 | INFO | Found tickets: dataset\extracted\tickets.csv
2026-02-21 23:34:33,831 | INFO | Found managers: dataset\extracted\managers.csv
2026-02-21 23:34:33,831 | INFO | Found units: dataset\extracted\business_units.csv
2026-02-21 23:34:34,175 | INFO | DB cleared
2026-02-21 23:34:34,321 | INFO | Process completed
2026-02-21 23:42:44,806 | INFO | Process started
2026-02-21 23:42:44,806 | INFO | Downloading: https://drive.google.com/file/d/1MYk9WK_0K_out54YaNUl41p2nzL24Ta8/view
2026-02-21 23:42:49,659 | INFO | Downloaded to: dataset\archives\archive
2026-02-21 23:42:49,667 | INFO | SHA256: 65b4f0fc5a0f0e102f5cfa20911e175499c776c5089a1c3fcc06c6487e268fe0
2026-02-21 23:42:49,671 | INFO | Archive type: zip
2026-02-21 23:42:49,723 | INFO | Extraction finished
2026-02-21 23:42:49,724 | INFO | Cleanup: removed 0 files
2026-02-21 23:42:49,724 | INFO | Found tickets: dataset\extracted\tickets.csv
2026-02-21 23:42:49,725 | INFO | Found managers: dataset\extracted\managers.csv
2026-02-21 23:42:49,725 | INFO | Found units: dataset\extracted\business_units.csv
2026-02-21 23:42:50,051 | INFO | DB cleared
2026-02-21 23:42:50,189 | INFO | Process completed
